;;; 
Export: Release 19.0.0.0.0 - Production on Fri May 8 23:52:12 2026
Version 19.3.0.0.0

Copyright (c) 1982, 2019, Oracle and/or its affiliates.  All rights reserved.
;;; 
Connected to: Oracle Database 19c Enterprise Edition Release 19.0.0.0.0 - Production
Starting "PROJECTDB"."SYS_EXPORT_SCHEMA_01":  projectdb/********@localhost:1521/ORCLPDB schemas=projectdb directory=DEMS_BACKUP_DIR dumpfile=projectdb_export.dmp logfile=projectdb_export.log 
Processing object type SCHEMA_EXPORT/TABLE/TABLE_DATA
Processing object type SCHEMA_EXPORT/TABLE/INDEX/STATISTICS/INDEX_STATISTICS
Processing object type SCHEMA_EXPORT/TABLE/STATISTICS/TABLE_STATISTICS
Processing object type SCHEMA_EXPORT/STATISTICS/MARKER
Processing object type SCHEMA_EXPORT/USER
Processing object type SCHEMA_EXPORT/SYSTEM_GRANT
Processing object type SCHEMA_EXPORT/ROLE_GRANT
Processing object type SCHEMA_EXPORT/DEFAULT_ROLE
Processing object type SCHEMA_EXPORT/TABLESPACE_QUOTA
Processing object type SCHEMA_EXPORT/PRE_SCHEMA/PROCACT_SCHEMA
Processing object type SCHEMA_EXPORT/TABLE/TABLE
Processing object type SCHEMA_EXPORT/TABLE/COMMENT
Processing object type SCHEMA_EXPORT/TABLE/IDENTITY_COLUMN
Processing object type SCHEMA_EXPORT/TABLE/INDEX/INDEX
Processing object type SCHEMA_EXPORT/TABLE/CONSTRAINT/CONSTRAINT
. . exported "PROJECTDB"."INCIDENTS"                     88.83 KB     500 rows
. . exported "PROJECTDB"."PREDICTIONS"                   10.74 KB      20 rows
. . exported "PROJECTDB"."RESOURCES"                     7.398 KB       6 rows
. . exported "PROJECTDB"."USERS"                         6.351 KB       1 rows
. . exported "PROJECTDB"."VOLUNTEERS"                     7.25 KB       1 rows
Master table "PROJECTDB"."SYS_EXPORT_SCHEMA_01" successfully loaded/unloaded
******************************************************************************
Dump file set for PROJECTDB.SYS_EXPORT_SCHEMA_01 is:
  E:\DISASTER-AND-EMERGENCY-MANAGEMENT-SYSTEM-MAIN\DATABASE\PROJECTDB_EXPORT.DMP
Job "PROJECTDB"."SYS_EXPORT_SCHEMA_01" successfully completed at Fri May 8 23:53:02 2026 elapsed 0 00:00:46
